2025-11-29 10:32:57.958 +01:00 [INF] [] myIoTGrid Hub API wurde erfolgreich gestartet
2025-11-29 10:32:58.012 +01:00 [INF] [myIoTGrid.Hub.Interface.BackgroundServices.SeedDataHostedService] SeedDataHostedService starting...
2025-11-29 10:32:58.111 +01:00 [INF] [myIoTGrid.Hub.Interface.BackgroundServices.SeedDataHostedService] Applying database migrations...
2025-11-29 10:32:58.555 +01:00 [WRN] [Microsoft.EntityFrameworkCore.Model.Validation] The entity type 'Node.Location#Location' is an optional dependent using table sharing without any required non shared column that could be used to identify whether the entity exists. If all nullable properties contain a 'null' value in database then an object instance won't be created in the query. Add a required property to create instances with 'null' values for other properties or mark the incoming navigation as required to always create an instance.
2025-11-29 10:32:58.556 +01:00 [WRN] [Microsoft.EntityFrameworkCore.Model.Validation] The entity type 'SyncedNode.Location#Location' is an optional dependent using table sharing without any required non shared column that could be used to identify whether the entity exists. If all nullable properties contain a 'null' value in database then an object instance won't be created in the query. Add a required property to create instances with 'null' values for other properties or mark the incoming navigation as required to always create an instance.
2025-11-29 10:32:58.740 +01:00 [INF] [myIoTGrid.Hub.Interface.BackgroundServices.SeedDataHostedService] Database migrations applied successfully
2025-11-29 10:32:58.741 +01:00 [INF] [myIoTGrid.Hub.Service.Services.SeedDataService] Starting seed data process...
2025-11-29 10:32:58.899 +01:00 [INF] [myIoTGrid.Hub.Service.Services.SeedDataService] Default tenant ensured
2025-11-29 10:32:58.908 +01:00 [INF] [myIoTGrid.Hub.Service.Services.SeedDataService] Default sensor types seeded
2025-11-29 10:32:58.910 +01:00 [INF] [myIoTGrid.Hub.Service.Services.SeedDataService] Default alert types seeded
2025-11-29 10:32:58.910 +01:00 [INF] [myIoTGrid.Hub.Service.Services.SeedDataService] Seed data process completed
2025-11-29 10:32:58.910 +01:00 [INF] [myIoTGrid.Hub.Interface.BackgroundServices.SeedDataHostedService] SeedDataHostedService completed successfully
2025-11-29 10:32:58.911 +01:00 [INF] [myIoTGrid.Hub.Interface.BackgroundServices.NodeMonitorService] NodeMonitorService started. Check interval: 60s, Offline timeout: 5min
2025-11-29 10:32:58.914 +01:00 [INF] [myIoTGrid.Hub.Interface.BackgroundServices.HubMonitorService] HubMonitorService started. Check interval: 60s, Offline timeout: 5min
2025-11-29 10:32:58.915 +01:00 [INF] [myIoTGrid.Hub.Interface.BackgroundServices.DataRetentionService] DataRetentionService started. Interval: 24h, Retention: 30 days
2025-11-29 10:32:58.915 +01:00 [INF] [myIoTGrid.Hub.Interface.BackgroundServices.MatterBridgeService] Matter Bridge integration is disabled
2025-11-29 10:37:58.916 +01:00 [INF] [myIoTGrid.Hub.Interface.BackgroundServices.DataRetentionService] Starting data retention cleanup. Removing data older than 2025-10-30 09:37:58Z
2025-11-29 10:37:58.940 +01:00 [INF] [myIoTGrid.Hub.Interface.BackgroundServices.DataRetentionService] Deleted 0 synced readings older than 30 days
2025-11-29 10:37:58.943 +01:00 [INF] [myIoTGrid.Hub.Interface.BackgroundServices.DataRetentionService] Deleted 0 acknowledged alerts older than 30 days
2025-11-29 10:37:58.944 +01:00 [INF] [myIoTGrid.Hub.Interface.BackgroundServices.DataRetentionService] Deleted 0 inactive alerts older than 30 days
2025-11-29 10:37:58.951 +01:00 [INF] [myIoTGrid.Hub.Interface.BackgroundServices.DataRetentionService] Data retention cleanup completed. Total deleted: Readings=0, Alerts=0
