2025-12-11 16:43:15.202 +01:00 [INF] Starting myIoTGrid Cloud API...
2025-12-11 16:43:15.838 +01:00 [FTL] Application terminated unexpectedly
System.TypeLoadException: Method 'GetSwagger' in type 'Swashbuckle.AspNetCore.SwaggerGen.SwaggerGenerator' from assembly 'Swashbuckle.AspNetCore.SwaggerGen, Version=7.2.0.0, Culture=neutral, PublicKeyToken=d84d99fb0135530a' does not have an implementation.
   at Microsoft.Extensions.DependencyInjection.SwaggerGenServiceCollectionExtensions.AddSwaggerGen(IServiceCollection services, Action`1 setupAction)
   at Program.<Main>$(String[] args) in /Users/frankbersch/RiderProjects/myIoTGrid/myIoTGrid.Cloud/src/myIoTGrid.Cloud.Api/Program.cs:line 91
2025-12-11 16:45:59.538 +01:00 [INF] Starting myIoTGrid Cloud API...
2025-12-11 16:45:59.806 +01:00 [FTL] Application terminated unexpectedly
System.AggregateException: Some services are not able to be constructed (Error while validating the service descriptor 'ServiceType: myIoTGrid.Shared.Contracts.Services.ISensorService Lifetime: Scoped ImplementationType: myIoTGrid.Cloud.Service.Services.SensorService': Unable to resolve service for type 'Microsoft.Extensions.Caching.Memory.IMemoryCache' while attempting to activate 'myIoTGrid.Cloud.Service.Services.SensorService'.) (Error while validating the service descriptor 'ServiceType: myIoTGrid.Shared.Contracts.Services.INodeSensorAssignmentService Lifetime: Scoped ImplementationType: myIoTGrid.Cloud.Service.Services.NodeSensorAssignmentService': Unable to resolve service for type 'myIoTGrid.Shared.Contracts.Services.IEffectiveConfigService' while attempting to activate 'myIoTGrid.Cloud.Service.Services.NodeSensorAssignmentService'.) (Error while validating the service descriptor 'ServiceType: myIoTGrid.Shared.Contracts.Services.IReadingService Lifetime: Scoped ImplementationType: myIoTGrid.Cloud.Service.Services.ReadingService': Unable to resolve service for type 'myIoTGrid.Shared.Contracts.Services.IEffectiveConfigService' while attempting to activate 'myIoTGrid.Cloud.Service.Services.ReadingService'.) (Error while validating the service descriptor 'ServiceType: myIoTGrid.Shared.Contracts.Services.IAlertService Lifetime: Scoped ImplementationType: myIoTGrid.Cloud.Service.Services.AlertService': Unable to resolve service for type 'myIoTGrid.Cloud.Infrastructure.Matter.IMatterBridgeClient' while attempting to activate 'myIoTGrid.Cloud.Service.Services.AlertService'.) (Error while validating the service descriptor 'ServiceType: myIoTGrid.Shared.Contracts.Services.ISeedDataService Lifetime: Scoped ImplementationType: myIoTGrid.Cloud.Service.Services.SeedDataService': Unable to resolve service for type 'Microsoft.Extensions.Caching.Memory.IMemoryCache' while attempting to activate 'myIoTGrid.Cloud.Service.Services.SensorService'.)
 ---> System.InvalidOperationException: Error while validating the service descriptor 'ServiceType: myIoTGrid.Shared.Contracts.Services.ISensorService Lifetime: Scoped ImplementationType: myIoTGrid.Cloud.Service.Services.SensorService': Unable to resolve service for type 'Microsoft.Extensions.Caching.Memory.IMemoryCache' while attempting to activate 'myIoTGrid.Cloud.Service.Services.SensorService'.
 ---> System.InvalidOperationException: Unable to resolve service for type 'Microsoft.Extensions.Caching.Memory.IMemoryCache' while attempting to activate 'myIoTGrid.Cloud.Service.Services.SensorService'.
   at Microsoft.Extensions.DependencyInjection.ServiceLookup.CallSiteFactory.CreateArgumentCallSites(ServiceIdentifier serviceIdentifier, Type implementationType, CallSiteChain callSiteChain, ParameterInfo[] parameters, Boolean throwIfCallSiteNotFound)
   at Microsoft.Extensions.DependencyInjection.ServiceLookup.CallSiteFactory.CreateConstructorCallSite(ResultCache lifetime, ServiceIdentifier serviceIdentifier, Type implementationType, CallSiteChain callSiteChain)
   at Microsoft.Extensions.DependencyInjection.ServiceLookup.CallSiteFactory.CreateExact(ServiceDescriptor descriptor, ServiceIdentifier serviceIdentifier, CallSiteChain callSiteChain, Int32 slot)
   at Microsoft.Extensions.DependencyInjection.ServiceLookup.CallSiteFactory.GetCallSite(ServiceDescriptor serviceDescriptor, CallSiteChain callSiteChain)
   at Microsoft.Extensions.DependencyInjection.ServiceProvider.ValidateService(ServiceDescriptor descriptor)
   --- End of inner exception stack trace ---
   at Microsoft.Extensions.DependencyInjection.ServiceProvider.ValidateService(ServiceDescriptor descriptor)
   at Microsoft.Extensions.DependencyInjection.ServiceProvider..ctor(ICollection`1 serviceDescriptors, ServiceProviderOptions options)
   --- End of inner exception stack trace ---
   at Microsoft.Extensions.DependencyInjection.ServiceProvider..ctor(ICollection`1 serviceDescriptors, ServiceProviderOptions options)
   at Microsoft.Extensions.DependencyInjection.ServiceCollectionContainerBuilderExtensions.BuildServiceProvider(IServiceCollection services, ServiceProviderOptions options)
   at Microsoft.Extensions.Hosting.HostApplicationBuilder.Build()
   at Microsoft.AspNetCore.Builder.WebApplicationBuilder.Build()
   at Program.<Main>$(String[] args) in /Users/frankbersch/RiderProjects/myIoTGrid/myIoTGrid.Cloud/src/myIoTGrid.Cloud.Api/Program.cs:line 122
 ---> (Inner Exception #1) System.InvalidOperationException: Error while validating the service descriptor 'ServiceType: myIoTGrid.Shared.Contracts.Services.INodeSensorAssignmentService Lifetime: Scoped ImplementationType: myIoTGrid.Cloud.Service.Services.NodeSensorAssignmentService': Unable to resolve service for type 'myIoTGrid.Shared.Contracts.Services.IEffectiveConfigService' while attempting to activate 'myIoTGrid.Cloud.Service.Services.NodeSensorAssignmentService'.
 ---> System.InvalidOperationException: Unable to resolve service for type 'myIoTGrid.Shared.Contracts.Services.IEffectiveConfigService' while attempting to activate 'myIoTGrid.Cloud.Service.Services.NodeSensorAssignmentService'.
   at Microsoft.Extensions.DependencyInjection.ServiceLookup.CallSiteFactory.CreateArgumentCallSites(ServiceIdentifier serviceIdentifier, Type implementationType, CallSiteChain callSiteChain, ParameterInfo[] parameters, Boolean throwIfCallSiteNotFound)
   at Microsoft.Extensions.DependencyInjection.ServiceLookup.CallSiteFactory.CreateConstructorCallSite(ResultCache lifetime, ServiceIdentifier serviceIdentifier, Type implementationType, CallSiteChain callSiteChain)
   at Microsoft.Extensions.DependencyInjection.ServiceLookup.CallSiteFactory.CreateExact(ServiceDescriptor descriptor, ServiceIdentifier serviceIdentifier, CallSiteChain callSiteChain, Int32 slot)
   at Microsoft.Extensions.DependencyInjection.ServiceLookup.CallSiteFactory.GetCallSite(ServiceDescriptor serviceDescriptor, CallSiteChain callSiteChain)
   at Microsoft.Extensions.DependencyInjection.ServiceProvider.ValidateService(ServiceDescriptor descriptor)
   --- End of inner exception stack trace ---
   at Microsoft.Extensions.DependencyInjection.ServiceProvider.ValidateService(ServiceDescriptor descriptor)
   at Microsoft.Extensions.DependencyInjection.ServiceProvider..ctor(ICollection`1 serviceDescriptors, ServiceProviderOptions options)<---

 ---> (Inner Exception #2) System.InvalidOperationException: Error while validating the service descriptor 'ServiceType: myIoTGrid.Shared.Contracts.Services.IReadingService Lifetime: Scoped ImplementationType: myIoTGrid.Cloud.Service.Services.ReadingService': Unable to resolve service for type 'myIoTGrid.Shared.Contracts.Services.IEffectiveConfigService' while attempting to activate 'myIoTGrid.Cloud.Service.Services.ReadingService'.
 ---> System.InvalidOperationException: Unable to resolve service for type 'myIoTGrid.Shared.Contracts.Services.IEffectiveConfigService' while attempting to activate 'myIoTGrid.Cloud.Service.Services.ReadingService'.
   at Microsoft.Extensions.DependencyInjection.ServiceLookup.CallSiteFactory.CreateArgumentCallSites(ServiceIdentifier serviceIdentifier, Type implementationType, CallSiteChain callSiteChain, ParameterInfo[] parameters, Boolean throwIfCallSiteNotFound)
   at Microsoft.Extensions.DependencyInjection.ServiceLookup.CallSiteFactory.CreateConstructorCallSite(ResultCache lifetime, ServiceIdentifier serviceIdentifier, Type implementationType, CallSiteChain callSiteChain)
   at Microsoft.Extensions.DependencyInjection.ServiceLookup.CallSiteFactory.CreateExact(ServiceDescriptor descriptor, ServiceIdentifier serviceIdentifier, CallSiteChain callSiteChain, Int32 slot)
   at Microsoft.Extensions.DependencyInjection.ServiceLookup.CallSiteFactory.GetCallSite(ServiceDescriptor serviceDescriptor, CallSiteChain callSiteChain)
   at Microsoft.Extensions.DependencyInjection.ServiceProvider.ValidateService(ServiceDescriptor descriptor)
   --- End of inner exception stack trace ---
   at Microsoft.Extensions.DependencyInjection.ServiceProvider.ValidateService(ServiceDescriptor descriptor)
   at Microsoft.Extensions.DependencyInjection.ServiceProvider..ctor(ICollection`1 serviceDescriptors, ServiceProviderOptions options)<---

 ---> (Inner Exception #3) System.InvalidOperationException: Error while validating the service descriptor 'ServiceType: myIoTGrid.Shared.Contracts.Services.IAlertService Lifetime: Scoped ImplementationType: myIoTGrid.Cloud.Service.Services.AlertService': Unable to resolve service for type 'myIoTGrid.Cloud.Infrastructure.Matter.IMatterBridgeClient' while attempting to activate 'myIoTGrid.Cloud.Service.Services.AlertService'.
 ---> System.InvalidOperationException: Unable to resolve service for type 'myIoTGrid.Cloud.Infrastructure.Matter.IMatterBridgeClient' while attempting to activate 'myIoTGrid.Cloud.Service.Services.AlertService'.
   at Microsoft.Extensions.DependencyInjection.ServiceLookup.CallSiteFactory.CreateArgumentCallSites(ServiceIdentifier serviceIdentifier, Type implementationType, CallSiteChain callSiteChain, ParameterInfo[] parameters, Boolean throwIfCallSiteNotFound)
   at Microsoft.Extensions.DependencyInjection.ServiceLookup.CallSiteFactory.CreateConstructorCallSite(ResultCache lifetime, ServiceIdentifier serviceIdentifier, Type implementationType, CallSiteChain callSiteChain)
   at Microsoft.Extensions.DependencyInjection.ServiceLookup.CallSiteFactory.CreateExact(ServiceDescriptor descriptor, ServiceIdentifier serviceIdentifier, CallSiteChain callSiteChain, Int32 slot)
   at Microsoft.Extensions.DependencyInjection.ServiceLookup.CallSiteFactory.GetCallSite(ServiceDescriptor serviceDescriptor, CallSiteChain callSiteChain)
   at Microsoft.Extensions.DependencyInjection.ServiceProvider.ValidateService(ServiceDescriptor descriptor)
   --- End of inner exception stack trace ---
   at Microsoft.Extensions.DependencyInjection.ServiceProvider.ValidateService(ServiceDescriptor descriptor)
   at Microsoft.Extensions.DependencyInjection.ServiceProvider..ctor(ICollection`1 serviceDescriptors, ServiceProviderOptions options)<---

 ---> (Inner Exception #4) System.InvalidOperationException: Error while validating the service descriptor 'ServiceType: myIoTGrid.Shared.Contracts.Services.ISeedDataService Lifetime: Scoped ImplementationType: myIoTGrid.Cloud.Service.Services.SeedDataService': Unable to resolve service for type 'Microsoft.Extensions.Caching.Memory.IMemoryCache' while attempting to activate 'myIoTGrid.Cloud.Service.Services.SensorService'.
 ---> System.InvalidOperationException: Unable to resolve service for type 'Microsoft.Extensions.Caching.Memory.IMemoryCache' while attempting to activate 'myIoTGrid.Cloud.Service.Services.SensorService'.
   at Microsoft.Extensions.DependencyInjection.ServiceLookup.CallSiteFactory.CreateArgumentCallSites(ServiceIdentifier serviceIdentifier, Type implementationType, CallSiteChain callSiteChain, ParameterInfo[] parameters, Boolean throwIfCallSiteNotFound)
   at Microsoft.Extensions.DependencyInjection.ServiceLookup.CallSiteFactory.CreateConstructorCallSite(ResultCache lifetime, ServiceIdentifier serviceIdentifier, Type implementationType, CallSiteChain callSiteChain)
   at Microsoft.Extensions.DependencyInjection.ServiceLookup.CallSiteFactory.CreateExact(ServiceDescriptor descriptor, ServiceIdentifier serviceIdentifier, CallSiteChain callSiteChain, Int32 slot)
   at Microsoft.Extensions.DependencyInjection.ServiceLookup.CallSiteFactory.TryCreateExact(ServiceIdentifier serviceIdentifier, CallSiteChain callSiteChain)
   at Microsoft.Extensions.DependencyInjection.ServiceLookup.CallSiteFactory.CreateCallSite(ServiceIdentifier serviceIdentifier, CallSiteChain callSiteChain)
   at Microsoft.Extensions.DependencyInjection.ServiceLookup.CallSiteFactory.CreateArgumentCallSites(ServiceIdentifier serviceIdentifier, Type implementationType, CallSiteChain callSiteChain, ParameterInfo[] parameters, Boolean throwIfCallSiteNotFound)
   at Microsoft.Extensions.DependencyInjection.ServiceLookup.CallSiteFactory.CreateConstructorCallSite(ResultCache lifetime, ServiceIdentifier serviceIdentifier, Type implementationType, CallSiteChain callSiteChain)
   at Microsoft.Extensions.DependencyInjection.ServiceLookup.CallSiteFactory.CreateExact(ServiceDescriptor descriptor, ServiceIdentifier serviceIdentifier, CallSiteChain callSiteChain, Int32 slot)
   at Microsoft.Extensions.DependencyInjection.ServiceLookup.CallSiteFactory.GetCallSite(ServiceDescriptor serviceDescriptor, CallSiteChain callSiteChain)
   at Microsoft.Extensions.DependencyInjection.ServiceProvider.ValidateService(ServiceDescriptor descriptor)
   --- End of inner exception stack trace ---
   at Microsoft.Extensions.DependencyInjection.ServiceProvider.ValidateService(ServiceDescriptor descriptor)
   at Microsoft.Extensions.DependencyInjection.ServiceProvider..ctor(ICollection`1 serviceDescriptors, ServiceProviderOptions options)<---

2025-12-11 16:48:34.129 +01:00 [INF] Starting myIoTGrid Cloud API...
2025-12-11 16:48:35.081 +01:00 [INF] Applying database migrations...
2025-12-11 16:48:35.445 +01:00 [WRN] The entity type 'Node.Location#Location' is an optional dependent using table sharing without any required non shared column that could be used to identify whether the entity exists. If all nullable properties contain a 'null' value in database then an object instance won't be created in the query. Add a required property to create instances with 'null' values for other properties or mark the incoming navigation as required to always create an instance.
2025-12-11 16:48:35.448 +01:00 [WRN] The entity type 'SyncedNode.Location#Location' is an optional dependent using table sharing without any required non shared column that could be used to identify whether the entity exists. If all nullable properties contain a 'null' value in database then an object instance won't be created in the query. Add a required property to create instances with 'null' values for other properties or mark the incoming navigation as required to always create an instance.
2025-12-11 16:48:35.450 +01:00 [WRN] The 'DebugLevel' property 'DebugLevel' on entity type 'Node' is configured with a database-generated default, but has no configured sentinel value. The database-generated default will always be used for inserts when the property has the value 'Production', since this is the CLR default for the 'DebugLevel' type. Consider using a nullable type, using a nullable backing field, or setting the sentinel value for the property to ensure the database default is used when, and only when, appropriate. See https://aka.ms/efcore-docs-default-values for more information.
2025-12-11 16:48:35.450 +01:00 [WRN] The 'Protocol' property 'Protocol' on entity type 'Node' is configured with a database-generated default, but has no configured sentinel value. The database-generated default will always be used for inserts when the property has the value 'Unknown', since this is the CLR default for the 'Protocol' type. Consider using a nullable type, using a nullable backing field, or setting the sentinel value for the property to ensure the database default is used when, and only when, appropriate. See https://aka.ms/efcore-docs-default-values for more information.
2025-12-11 16:48:35.594 +01:00 [ERR] An error occurred using the connection to database 'myiotgrid_cloud' on server 'tcp://localhost:5432'.
2025-12-11 16:48:35.676 +01:00 [FTL] Application terminated unexpectedly
Npgsql.NpgsqlException (0x80004005): Failed to connect to 127.0.0.1:5432
 ---> System.Net.Sockets.SocketException (61): Connection refused
   at System.Net.Sockets.Socket.AwaitableSocketAsyncEventArgs.ThrowException(SocketError error, CancellationToken cancellationToken)
   at System.Net.Sockets.Socket.AwaitableSocketAsyncEventArgs.System.Threading.Tasks.Sources.IValueTaskSource.GetResult(Int16 token)
   at Npgsql.Internal.NpgsqlConnector.ConnectAsync(NpgsqlTimeout timeout, CancellationToken cancellationToken)
   at Npgsql.Internal.NpgsqlConnector.ConnectAsync(NpgsqlTimeout timeout, CancellationToken cancellationToken)
   at Npgsql.Internal.NpgsqlConnector.RawOpen(NpgsqlTimeout timeout, Boolean async, CancellationToken cancellationToken)
   at Npgsql.Internal.NpgsqlConnector.<Open>g__OpenCore|209_0(NpgsqlConnector conn, String username, SslMode sslMode, GssEncryptionMode gssEncMode, NpgsqlTimeout timeout, Boolean async, CancellationToken cancellationToken)
   at Npgsql.Internal.NpgsqlConnector.Open(NpgsqlTimeout timeout, Boolean async, CancellationToken cancellationToken)
   at Npgsql.PoolingDataSource.OpenNewConnector(NpgsqlConnection conn, NpgsqlTimeout timeout, Boolean async, CancellationToken cancellationToken)
   at Npgsql.PoolingDataSource.<Get>g__RentAsync|33_0(NpgsqlConnection conn, NpgsqlTimeout timeout, Boolean async, CancellationToken cancellationToken)
   at Npgsql.NpgsqlConnection.<Open>g__OpenAsync|42_0(Boolean async, CancellationToken cancellationToken)
   at Microsoft.EntityFrameworkCore.Storage.RelationalConnection.OpenInternalAsync(Boolean errorsExpected, CancellationToken cancellationToken)
   at Microsoft.EntityFrameworkCore.Storage.RelationalConnection.OpenInternalAsync(Boolean errorsExpected, CancellationToken cancellationToken)
   at Microsoft.EntityFrameworkCore.Storage.RelationalConnection.OpenAsync(CancellationToken cancellationToken, Boolean errorsExpected)
   at Microsoft.EntityFrameworkCore.Storage.RelationalCommand.ExecuteReaderAsync(RelationalCommandParameterObject parameterObject, CancellationToken cancellationToken)
   at Microsoft.EntityFrameworkCore.Migrations.HistoryRepository.GetAppliedMigrationsAsync(CancellationToken cancellationToken)
   at Npgsql.EntityFrameworkCore.PostgreSQL.Migrations.Internal.NpgsqlHistoryRepository.GetAppliedMigrationsAsync(CancellationToken cancellationToken)
   at Npgsql.EntityFrameworkCore.PostgreSQL.Migrations.Internal.NpgsqlMigrator.MigrateAsync(String targetMigration, CancellationToken cancellationToken)
   at Program.<Main>$(String[] args) in /Users/frankbersch/RiderProjects/myIoTGrid/myIoTGrid.Cloud/src/myIoTGrid.Cloud.Api/Program.cs:line 203
2025-12-11 17:05:28.213 +01:00 [INF] Starting myIoTGrid Cloud API...
2025-12-11 17:05:28.862 +01:00 [INF] Applying database migrations...
2025-12-11 17:05:29.189 +01:00 [WRN] The entity type 'Node.Location#Location' is an optional dependent using table sharing without any required non shared column that could be used to identify whether the entity exists. If all nullable properties contain a 'null' value in database then an object instance won't be created in the query. Add a required property to create instances with 'null' values for other properties or mark the incoming navigation as required to always create an instance.
2025-12-11 17:05:29.191 +01:00 [WRN] The entity type 'SyncedNode.Location#Location' is an optional dependent using table sharing without any required non shared column that could be used to identify whether the entity exists. If all nullable properties contain a 'null' value in database then an object instance won't be created in the query. Add a required property to create instances with 'null' values for other properties or mark the incoming navigation as required to always create an instance.
2025-12-11 17:05:29.193 +01:00 [WRN] The 'DebugLevel' property 'DebugLevel' on entity type 'Node' is configured with a database-generated default, but has no configured sentinel value. The database-generated default will always be used for inserts when the property has the value 'Production', since this is the CLR default for the 'DebugLevel' type. Consider using a nullable type, using a nullable backing field, or setting the sentinel value for the property to ensure the database default is used when, and only when, appropriate. See https://aka.ms/efcore-docs-default-values for more information.
2025-12-11 17:05:29.194 +01:00 [WRN] The 'Protocol' property 'Protocol' on entity type 'Node' is configured with a database-generated default, but has no configured sentinel value. The database-generated default will always be used for inserts when the property has the value 'Unknown', since this is the CLR default for the 'Protocol' type. Consider using a nullable type, using a nullable backing field, or setting the sentinel value for the property to ensure the database default is used when, and only when, appropriate. See https://aka.ms/efcore-docs-default-values for more information.
2025-12-11 17:05:30.549 +01:00 [ERR] An error occurred using the connection to database 'myiotgrid_cloud' on server 'tcp://db.wedevlab.de:5432'.
2025-12-11 17:05:35.328 +01:00 [INF] myIoTGrid Cloud API started successfully
2025-12-11 17:05:35.328 +01:00 [INF] Scalar API Reference available at: /scalar/v1
2025-12-11 17:05:35.328 +01:00 [INF] OpenAPI spec available at: /openapi/v1.json
2025-12-11 17:05:35.328 +01:00 [INF] SignalR Hub available at: /hubs/sensors
2025-12-11 17:05:35.335 +01:00 [INF] SeedDataHostedService starting...
2025-12-11 17:05:35.335 +01:00 [INF] Applying database migrations...
2025-12-11 17:05:36.204 +01:00 [INF] Database migrations applied successfully
2025-12-11 17:05:36.208 +01:00 [INF] Starting seed data process...
2025-12-11 17:05:36.602 +01:00 [ERR] Failed executing DbCommand (168ms) [Parameters=[@defaultTenantId='?' (DbType = Guid)], CommandType='"Text"', CommandTimeout='30']
SELECT EXISTS (
    SELECT 1
    FROM "Tenants" AS t
    WHERE t."Id" = @defaultTenantId)
2025-12-11 17:05:36.627 +01:00 [ERR] An exception occurred while iterating over the results of a query for context type 'myIoTGrid.Cloud.Infrastructure.Data.CloudDbContext'.
Npgsql.PostgresException (0x80004005): 42P01: relation "Tenants" does not exist

POSITION: 39
   at Npgsql.Internal.NpgsqlConnector.ReadMessageLong(Boolean async, DataRowLoadingMode dataRowLoadingMode, Boolean readingNotifications, Boolean isReadingPrependedMessage)
   at System.Runtime.CompilerServices.PoolingAsyncValueTaskMethodBuilder`1.StateMachineBox`1.System.Threading.Tasks.Sources.IValueTaskSource<TResult>.GetResult(Int16 token)
   at Npgsql.NpgsqlDataReader.NextResult(Boolean async, Boolean isConsuming, CancellationToken cancellationToken)
   at Npgsql.NpgsqlDataReader.NextResult(Boolean async, Boolean isConsuming, CancellationToken cancellationToken)
   at Npgsql.NpgsqlCommand.ExecuteReader(Boolean async, CommandBehavior behavior, CancellationToken cancellationToken)
   at Npgsql.NpgsqlCommand.ExecuteReader(Boolean async, CommandBehavior behavior, CancellationToken cancellationToken)
   at Npgsql.NpgsqlCommand.ExecuteDbDataReaderAsync(CommandBehavior behavior, CancellationToken cancellationToken)
   at Microsoft.EntityFrameworkCore.Storage.RelationalCommand.ExecuteReaderAsync(RelationalCommandParameterObject parameterObject, CancellationToken cancellationToken)
   at Microsoft.EntityFrameworkCore.Storage.RelationalCommand.ExecuteReaderAsync(RelationalCommandParameterObject parameterObject, CancellationToken cancellationToken)
   at Microsoft.EntityFrameworkCore.Query.Internal.SingleQueryingEnumerable`1.AsyncEnumerator.InitializeReaderAsync(AsyncEnumerator enumerator, CancellationToken cancellationToken)
   at Microsoft.EntityFrameworkCore.Storage.ExecutionStrategy.<>c__DisplayClass30_0`2.<<ExecuteAsync>b__0>d.MoveNext()
--- End of stack trace from previous location ---
   at Microsoft.EntityFrameworkCore.Storage.ExecutionStrategy.ExecuteImplementationAsync[TState,TResult](Func`4 operation, Func`4 verifySucceeded, TState state, CancellationToken cancellationToken)
   at Microsoft.EntityFrameworkCore.Storage.ExecutionStrategy.ExecuteImplementationAsync[TState,TResult](Func`4 operation, Func`4 verifySucceeded, TState state, CancellationToken cancellationToken)
   at Microsoft.EntityFrameworkCore.Storage.ExecutionStrategy.ExecuteAsync[TState,TResult](TState state, Func`4 operation, Func`4 verifySucceeded, CancellationToken cancellationToken)
   at Microsoft.EntityFrameworkCore.Query.Internal.SingleQueryingEnumerable`1.AsyncEnumerator.MoveNextAsync()
  Exception data:
    Severity: ERROR
    SqlState: 42P01
    MessageText: relation "Tenants" does not exist
    Position: 39
    File: parse_relation.c
    Line: 1449
    Routine: parserOpenTable
Npgsql.PostgresException (0x80004005): 42P01: relation "Tenants" does not exist

POSITION: 39
   at Npgsql.Internal.NpgsqlConnector.ReadMessageLong(Boolean async, DataRowLoadingMode dataRowLoadingMode, Boolean readingNotifications, Boolean isReadingPrependedMessage)
   at System.Runtime.CompilerServices.PoolingAsyncValueTaskMethodBuilder`1.StateMachineBox`1.System.Threading.Tasks.Sources.IValueTaskSource<TResult>.GetResult(Int16 token)
   at Npgsql.NpgsqlDataReader.NextResult(Boolean async, Boolean isConsuming, CancellationToken cancellationToken)
   at Npgsql.NpgsqlDataReader.NextResult(Boolean async, Boolean isConsuming, CancellationToken cancellationToken)
   at Npgsql.NpgsqlCommand.ExecuteReader(Boolean async, CommandBehavior behavior, CancellationToken cancellationToken)
   at Npgsql.NpgsqlCommand.ExecuteReader(Boolean async, CommandBehavior behavior, CancellationToken cancellationToken)
   at Npgsql.NpgsqlCommand.ExecuteDbDataReaderAsync(CommandBehavior behavior, CancellationToken cancellationToken)
   at Microsoft.EntityFrameworkCore.Storage.RelationalCommand.ExecuteReaderAsync(RelationalCommandParameterObject parameterObject, CancellationToken cancellationToken)
   at Microsoft.EntityFrameworkCore.Storage.RelationalCommand.ExecuteReaderAsync(RelationalCommandParameterObject parameterObject, CancellationToken cancellationToken)
   at Microsoft.EntityFrameworkCore.Query.Internal.SingleQueryingEnumerable`1.AsyncEnumerator.InitializeReaderAsync(AsyncEnumerator enumerator, CancellationToken cancellationToken)
   at Microsoft.EntityFrameworkCore.Storage.ExecutionStrategy.<>c__DisplayClass30_0`2.<<ExecuteAsync>b__0>d.MoveNext()
--- End of stack trace from previous location ---
   at Microsoft.EntityFrameworkCore.Storage.ExecutionStrategy.ExecuteImplementationAsync[TState,TResult](Func`4 operation, Func`4 verifySucceeded, TState state, CancellationToken cancellationToken)
   at Microsoft.EntityFrameworkCore.Storage.ExecutionStrategy.ExecuteImplementationAsync[TState,TResult](Func`4 operation, Func`4 verifySucceeded, TState state, CancellationToken cancellationToken)
   at Microsoft.EntityFrameworkCore.Storage.ExecutionStrategy.ExecuteAsync[TState,TResult](TState state, Func`4 operation, Func`4 verifySucceeded, CancellationToken cancellationToken)
   at Microsoft.EntityFrameworkCore.Query.Internal.SingleQueryingEnumerable`1.AsyncEnumerator.MoveNextAsync()
  Exception data:
    Severity: ERROR
    SqlState: 42P01
    MessageText: relation "Tenants" does not exist
    Position: 39
    File: parse_relation.c
    Line: 1449
    Routine: parserOpenTable
2025-12-11 17:05:36.732 +01:00 [ERR] Error during seed data initialization
Npgsql.PostgresException (0x80004005): 42P01: relation "Tenants" does not exist

POSITION: 39
   at Npgsql.Internal.NpgsqlConnector.ReadMessageLong(Boolean async, DataRowLoadingMode dataRowLoadingMode, Boolean readingNotifications, Boolean isReadingPrependedMessage)
   at System.Runtime.CompilerServices.PoolingAsyncValueTaskMethodBuilder`1.StateMachineBox`1.System.Threading.Tasks.Sources.IValueTaskSource<TResult>.GetResult(Int16 token)
   at Npgsql.NpgsqlDataReader.NextResult(Boolean async, Boolean isConsuming, CancellationToken cancellationToken)
   at Npgsql.NpgsqlDataReader.NextResult(Boolean async, Boolean isConsuming, CancellationToken cancellationToken)
   at Npgsql.NpgsqlCommand.ExecuteReader(Boolean async, CommandBehavior behavior, CancellationToken cancellationToken)
   at Npgsql.NpgsqlCommand.ExecuteReader(Boolean async, CommandBehavior behavior, CancellationToken cancellationToken)
   at Npgsql.NpgsqlCommand.ExecuteDbDataReaderAsync(CommandBehavior behavior, CancellationToken cancellationToken)
   at Microsoft.EntityFrameworkCore.Storage.RelationalCommand.ExecuteReaderAsync(RelationalCommandParameterObject parameterObject, CancellationToken cancellationToken)
   at Microsoft.EntityFrameworkCore.Storage.RelationalCommand.ExecuteReaderAsync(RelationalCommandParameterObject parameterObject, CancellationToken cancellationToken)
   at Microsoft.EntityFrameworkCore.Query.Internal.SingleQueryingEnumerable`1.AsyncEnumerator.InitializeReaderAsync(AsyncEnumerator enumerator, CancellationToken cancellationToken)
   at Microsoft.EntityFrameworkCore.Storage.ExecutionStrategy.<>c__DisplayClass30_0`2.<<ExecuteAsync>b__0>d.MoveNext()
--- End of stack trace from previous location ---
   at Microsoft.EntityFrameworkCore.Storage.ExecutionStrategy.ExecuteImplementationAsync[TState,TResult](Func`4 operation, Func`4 verifySucceeded, TState state, CancellationToken cancellationToken)
   at Microsoft.EntityFrameworkCore.Storage.ExecutionStrategy.ExecuteImplementationAsync[TState,TResult](Func`4 operation, Func`4 verifySucceeded, TState state, CancellationToken cancellationToken)
   at Microsoft.EntityFrameworkCore.Storage.ExecutionStrategy.ExecuteAsync[TState,TResult](TState state, Func`4 operation, Func`4 verifySucceeded, CancellationToken cancellationToken)
   at Microsoft.EntityFrameworkCore.Query.Internal.SingleQueryingEnumerable`1.AsyncEnumerator.MoveNextAsync()
   at Microsoft.EntityFrameworkCore.Query.ShapedQueryCompilingExpressionVisitor.SingleAsync[TSource](IAsyncEnumerable`1 asyncEnumerable, CancellationToken cancellationToken)
   at Microsoft.EntityFrameworkCore.Query.ShapedQueryCompilingExpressionVisitor.SingleAsync[TSource](IAsyncEnumerable`1 asyncEnumerable, CancellationToken cancellationToken)
   at myIoTGrid.Cloud.Service.Services.TenantService.EnsureDefaultTenantAsync(CancellationToken ct) in /Users/frankbersch/RiderProjects/myIoTGrid/myIoTGrid.Cloud/src/myIoTGrid.Cloud.Service/Services/TenantService.cs:line 55
   at myIoTGrid.Cloud.Service.Services.SeedDataService.SeedTenantAsync(CancellationToken ct) in /Users/frankbersch/RiderProjects/myIoTGrid/myIoTGrid.Cloud/src/myIoTGrid.Cloud.Service/Services/SeedDataService.cs:line 47
   at myIoTGrid.Cloud.Service.Services.SeedDataService.SeedAllAsync(CancellationToken ct) in /Users/frankbersch/RiderProjects/myIoTGrid/myIoTGrid.Cloud/src/myIoTGrid.Cloud.Service/Services/SeedDataService.cs:line 35
   at myIoTGrid.Cloud.Interface.BackgroundServices.SeedDataHostedService.StartAsync(CancellationToken cancellationToken) in /Users/frankbersch/RiderProjects/myIoTGrid/myIoTGrid.Cloud/src/myIoTGrid.Cloud.Interface/BackgroundServices/SeedDataHostedService.cs:line 43
  Exception data:
    Severity: ERROR
    SqlState: 42P01
    MessageText: relation "Tenants" does not exist
    Position: 39
    File: parse_relation.c
    Line: 1449
    Routine: parserOpenTable
2025-12-11 17:05:36.763 +01:00 [ERR] Hosting failed to start
Npgsql.PostgresException (0x80004005): 42P01: relation "Tenants" does not exist

POSITION: 39
   at Npgsql.Internal.NpgsqlConnector.ReadMessageLong(Boolean async, DataRowLoadingMode dataRowLoadingMode, Boolean readingNotifications, Boolean isReadingPrependedMessage)
   at System.Runtime.CompilerServices.PoolingAsyncValueTaskMethodBuilder`1.StateMachineBox`1.System.Threading.Tasks.Sources.IValueTaskSource<TResult>.GetResult(Int16 token)
   at Npgsql.NpgsqlDataReader.NextResult(Boolean async, Boolean isConsuming, CancellationToken cancellationToken)
   at Npgsql.NpgsqlDataReader.NextResult(Boolean async, Boolean isConsuming, CancellationToken cancellationToken)
   at Npgsql.NpgsqlCommand.ExecuteReader(Boolean async, CommandBehavior behavior, CancellationToken cancellationToken)
   at Npgsql.NpgsqlCommand.ExecuteReader(Boolean async, CommandBehavior behavior, CancellationToken cancellationToken)
   at Npgsql.NpgsqlCommand.ExecuteDbDataReaderAsync(CommandBehavior behavior, CancellationToken cancellationToken)
   at Microsoft.EntityFrameworkCore.Storage.RelationalCommand.ExecuteReaderAsync(RelationalCommandParameterObject parameterObject, CancellationToken cancellationToken)
   at Microsoft.EntityFrameworkCore.Storage.RelationalCommand.ExecuteReaderAsync(RelationalCommandParameterObject parameterObject, CancellationToken cancellationToken)
   at Microsoft.EntityFrameworkCore.Query.Internal.SingleQueryingEnumerable`1.AsyncEnumerator.InitializeReaderAsync(AsyncEnumerator enumerator, CancellationToken cancellationToken)
   at Microsoft.EntityFrameworkCore.Storage.ExecutionStrategy.<>c__DisplayClass30_0`2.<<ExecuteAsync>b__0>d.MoveNext()
--- End of stack trace from previous location ---
   at Microsoft.EntityFrameworkCore.Storage.ExecutionStrategy.ExecuteImplementationAsync[TState,TResult](Func`4 operation, Func`4 verifySucceeded, TState state, CancellationToken cancellationToken)
   at Microsoft.EntityFrameworkCore.Storage.ExecutionStrategy.ExecuteImplementationAsync[TState,TResult](Func`4 operation, Func`4 verifySucceeded, TState state, CancellationToken cancellationToken)
   at Microsoft.EntityFrameworkCore.Storage.ExecutionStrategy.ExecuteAsync[TState,TResult](TState state, Func`4 operation, Func`4 verifySucceeded, CancellationToken cancellationToken)
   at Microsoft.EntityFrameworkCore.Query.Internal.SingleQueryingEnumerable`1.AsyncEnumerator.MoveNextAsync()
   at Microsoft.EntityFrameworkCore.Query.ShapedQueryCompilingExpressionVisitor.SingleAsync[TSource](IAsyncEnumerable`1 asyncEnumerable, CancellationToken cancellationToken)
   at Microsoft.EntityFrameworkCore.Query.ShapedQueryCompilingExpressionVisitor.SingleAsync[TSource](IAsyncEnumerable`1 asyncEnumerable, CancellationToken cancellationToken)
   at myIoTGrid.Cloud.Service.Services.TenantService.EnsureDefaultTenantAsync(CancellationToken ct) in /Users/frankbersch/RiderProjects/myIoTGrid/myIoTGrid.Cloud/src/myIoTGrid.Cloud.Service/Services/TenantService.cs:line 55
   at myIoTGrid.Cloud.Service.Services.SeedDataService.SeedTenantAsync(CancellationToken ct) in /Users/frankbersch/RiderProjects/myIoTGrid/myIoTGrid.Cloud/src/myIoTGrid.Cloud.Service/Services/SeedDataService.cs:line 47
   at myIoTGrid.Cloud.Service.Services.SeedDataService.SeedAllAsync(CancellationToken ct) in /Users/frankbersch/RiderProjects/myIoTGrid/myIoTGrid.Cloud/src/myIoTGrid.Cloud.Service/Services/SeedDataService.cs:line 35
   at myIoTGrid.Cloud.Interface.BackgroundServices.SeedDataHostedService.StartAsync(CancellationToken cancellationToken) in /Users/frankbersch/RiderProjects/myIoTGrid/myIoTGrid.Cloud/src/myIoTGrid.Cloud.Interface/BackgroundServices/SeedDataHostedService.cs:line 43
   at Microsoft.Extensions.Hosting.Internal.Host.<StartAsync>b__14_1(IHostedService service, CancellationToken token)
   at Microsoft.Extensions.Hosting.Internal.Host.ForeachService[T](IEnumerable`1 services, CancellationToken token, Boolean concurrent, Boolean abortOnFirstException, List`1 exceptions, Func`3 operation)
  Exception data:
    Severity: ERROR
    SqlState: 42P01
    MessageText: relation "Tenants" does not exist
    Position: 39
    File: parse_relation.c
    Line: 1449
    Routine: parserOpenTable
2025-12-11 17:05:36.784 +01:00 [FTL] Application terminated unexpectedly
Npgsql.PostgresException (0x80004005): 42P01: relation "Tenants" does not exist

POSITION: 39
   at Npgsql.Internal.NpgsqlConnector.ReadMessageLong(Boolean async, DataRowLoadingMode dataRowLoadingMode, Boolean readingNotifications, Boolean isReadingPrependedMessage)
   at System.Runtime.CompilerServices.PoolingAsyncValueTaskMethodBuilder`1.StateMachineBox`1.System.Threading.Tasks.Sources.IValueTaskSource<TResult>.GetResult(Int16 token)
   at Npgsql.NpgsqlDataReader.NextResult(Boolean async, Boolean isConsuming, CancellationToken cancellationToken)
   at Npgsql.NpgsqlDataReader.NextResult(Boolean async, Boolean isConsuming, CancellationToken cancellationToken)
   at Npgsql.NpgsqlCommand.ExecuteReader(Boolean async, CommandBehavior behavior, CancellationToken cancellationToken)
   at Npgsql.NpgsqlCommand.ExecuteReader(Boolean async, CommandBehavior behavior, CancellationToken cancellationToken)
   at Npgsql.NpgsqlCommand.ExecuteDbDataReaderAsync(CommandBehavior behavior, CancellationToken cancellationToken)
   at Microsoft.EntityFrameworkCore.Storage.RelationalCommand.ExecuteReaderAsync(RelationalCommandParameterObject parameterObject, CancellationToken cancellationToken)
   at Microsoft.EntityFrameworkCore.Storage.RelationalCommand.ExecuteReaderAsync(RelationalCommandParameterObject parameterObject, CancellationToken cancellationToken)
   at Microsoft.EntityFrameworkCore.Query.Internal.SingleQueryingEnumerable`1.AsyncEnumerator.InitializeReaderAsync(AsyncEnumerator enumerator, CancellationToken cancellationToken)
   at Microsoft.EntityFrameworkCore.Storage.ExecutionStrategy.<>c__DisplayClass30_0`2.<<ExecuteAsync>b__0>d.MoveNext()
--- End of stack trace from previous location ---
   at Microsoft.EntityFrameworkCore.Storage.ExecutionStrategy.ExecuteImplementationAsync[TState,TResult](Func`4 operation, Func`4 verifySucceeded, TState state, CancellationToken cancellationToken)
   at Microsoft.EntityFrameworkCore.Storage.ExecutionStrategy.ExecuteImplementationAsync[TState,TResult](Func`4 operation, Func`4 verifySucceeded, TState state, CancellationToken cancellationToken)
   at Microsoft.EntityFrameworkCore.Storage.ExecutionStrategy.ExecuteAsync[TState,TResult](TState state, Func`4 operation, Func`4 verifySucceeded, CancellationToken cancellationToken)
   at Microsoft.EntityFrameworkCore.Query.Internal.SingleQueryingEnumerable`1.AsyncEnumerator.MoveNextAsync()
   at Microsoft.EntityFrameworkCore.Query.ShapedQueryCompilingExpressionVisitor.SingleAsync[TSource](IAsyncEnumerable`1 asyncEnumerable, CancellationToken cancellationToken)
   at Microsoft.EntityFrameworkCore.Query.ShapedQueryCompilingExpressionVisitor.SingleAsync[TSource](IAsyncEnumerable`1 asyncEnumerable, CancellationToken cancellationToken)
   at myIoTGrid.Cloud.Service.Services.TenantService.EnsureDefaultTenantAsync(CancellationToken ct) in /Users/frankbersch/RiderProjects/myIoTGrid/myIoTGrid.Cloud/src/myIoTGrid.Cloud.Service/Services/TenantService.cs:line 55
   at myIoTGrid.Cloud.Service.Services.SeedDataService.SeedTenantAsync(CancellationToken ct) in /Users/frankbersch/RiderProjects/myIoTGrid/myIoTGrid.Cloud/src/myIoTGrid.Cloud.Service/Services/SeedDataService.cs:line 47
   at myIoTGrid.Cloud.Service.Services.SeedDataService.SeedAllAsync(CancellationToken ct) in /Users/frankbersch/RiderProjects/myIoTGrid/myIoTGrid.Cloud/src/myIoTGrid.Cloud.Service/Services/SeedDataService.cs:line 35
   at myIoTGrid.Cloud.Interface.BackgroundServices.SeedDataHostedService.StartAsync(CancellationToken cancellationToken) in /Users/frankbersch/RiderProjects/myIoTGrid/myIoTGrid.Cloud/src/myIoTGrid.Cloud.Interface/BackgroundServices/SeedDataHostedService.cs:line 43
   at Microsoft.Extensions.Hosting.Internal.Host.<StartAsync>b__14_1(IHostedService service, CancellationToken token)
   at Microsoft.Extensions.Hosting.Internal.Host.ForeachService[T](IEnumerable`1 services, CancellationToken token, Boolean concurrent, Boolean abortOnFirstException, List`1 exceptions, Func`3 operation)
   at Microsoft.Extensions.Hosting.Internal.Host.StartAsync(CancellationToken cancellationToken)
   at Microsoft.Extensions.Hosting.HostingAbstractionsHostExtensions.RunAsync(IHost host, CancellationToken token)
   at Microsoft.Extensions.Hosting.HostingAbstractionsHostExtensions.RunAsync(IHost host, CancellationToken token)
   at Microsoft.Extensions.Hosting.HostingAbstractionsHostExtensions.Run(IHost host)
   at Program.<Main>$(String[] args) in /Users/frankbersch/RiderProjects/myIoTGrid/myIoTGrid.Cloud/src/myIoTGrid.Cloud.Api/Program.cs:line 217
  Exception data:
    Severity: ERROR
    SqlState: 42P01
    MessageText: relation "Tenants" does not exist
    Position: 39
    File: parse_relation.c
    Line: 1449
    Routine: parserOpenTable
2025-12-11 17:22:06.470 +01:00 [INF] Starting myIoTGrid Cloud API...
2025-12-11 17:22:07.197 +01:00 [INF] Applying database migrations...
2025-12-11 17:22:07.529 +01:00 [WRN] The entity type 'Node.Location#Location' is an optional dependent using table sharing without any required non shared column that could be used to identify whether the entity exists. If all nullable properties contain a 'null' value in database then an object instance won't be created in the query. Add a required property to create instances with 'null' values for other properties or mark the incoming navigation as required to always create an instance.
2025-12-11 17:22:07.531 +01:00 [WRN] The entity type 'SyncedNode.Location#Location' is an optional dependent using table sharing without any required non shared column that could be used to identify whether the entity exists. If all nullable properties contain a 'null' value in database then an object instance won't be created in the query. Add a required property to create instances with 'null' values for other properties or mark the incoming navigation as required to always create an instance.
2025-12-11 17:22:07.533 +01:00 [WRN] The 'DebugLevel' property 'DebugLevel' on entity type 'Node' is configured with a database-generated default, but has no configured sentinel value. The database-generated default will always be used for inserts when the property has the value 'Production', since this is the CLR default for the 'DebugLevel' type. Consider using a nullable type, using a nullable backing field, or setting the sentinel value for the property to ensure the database default is used when, and only when, appropriate. See https://aka.ms/efcore-docs-default-values for more information.
2025-12-11 17:22:07.533 +01:00 [WRN] The 'Protocol' property 'Protocol' on entity type 'Node' is configured with a database-generated default, but has no configured sentinel value. The database-generated default will always be used for inserts when the property has the value 'Unknown', since this is the CLR default for the 'Protocol' type. Consider using a nullable type, using a nullable backing field, or setting the sentinel value for the property to ensure the database default is used when, and only when, appropriate. See https://aka.ms/efcore-docs-default-values for more information.
2025-12-11 17:22:09.900 +01:00 [INF] myIoTGrid Cloud API started successfully
2025-12-11 17:22:09.900 +01:00 [INF] Scalar API Reference available at: /scalar/v1
2025-12-11 17:22:09.900 +01:00 [INF] OpenAPI spec available at: /openapi/v1.json
2025-12-11 17:22:09.900 +01:00 [INF] SignalR Hub available at: /hubs/sensors
2025-12-11 17:22:09.908 +01:00 [INF] SeedDataHostedService starting...
2025-12-11 17:22:09.908 +01:00 [INF] Applying database migrations...
2025-12-11 17:22:10.805 +01:00 [INF] Database migrations applied successfully
2025-12-11 17:22:10.809 +01:00 [INF] Starting seed data process...
2025-12-11 17:22:11.391 +01:00 [INF] Default-Tenant erstellt: "00000000-0000-0000-0000-000000000001" (Default)
2025-12-11 17:22:11.393 +01:00 [INF] Default tenant ensured
2025-12-11 17:22:11.716 +01:00 [INF] Default Hub created: my-iot-hub (My IoT Hub)
2025-12-11 17:22:11.716 +01:00 [INF] Default Hub ensured
2025-12-11 17:22:12.126 +01:00 [INF] 9 Default-AlertTypes erstellt
2025-12-11 17:22:12.126 +01:00 [INF] Default alert types seeded
2025-12-11 17:22:12.602 +01:00 [INF] 8 default Sensors created
2025-12-11 17:22:12.890 +01:00 [INF] Default sensors seeded
2025-12-11 17:22:12.890 +01:00 [INF] Seed data process completed
2025-12-11 17:22:12.890 +01:00 [INF] SeedDataHostedService completed successfully
2025-12-11 17:22:12.892 +01:00 [INF] DataRetentionService started. Interval: 24h, Retention: 30 days
2025-12-11 17:22:16.372 +01:00 [INF] GET /swagger/index.html responded 404 in 2.0481 ms
2025-12-11 17:22:24.437 +01:00 [INF] GET /swagger/index.html responded 404 in 0.4620 ms
2025-12-11 17:27:12.873 +01:00 [INF] Starting data retention cleanup. Removing data older than 2025-11-11 16:27:12Z
2025-12-11 17:27:13.957 +01:00 [INF] Deleted 0 synced readings older than 30 days
2025-12-11 17:27:14.091 +01:00 [INF] Deleted 0 acknowledged alerts older than 30 days
2025-12-11 17:27:14.220 +01:00 [INF] Deleted 0 inactive alerts older than 30 days
2025-12-11 17:27:14.397 +01:00 [INF] Data retention cleanup completed. Total deleted: Readings=0, Alerts=0
2025-12-11 20:38:57.624 +01:00 [INF] Starting myIoTGrid Cloud API...
2025-12-11 20:38:58.183 +01:00 [INF] Applying database migrations...
2025-12-11 20:38:58.545 +01:00 [WRN] The entity type 'Node.Location#Location' is an optional dependent using table sharing without any required non shared column that could be used to identify whether the entity exists. If all nullable properties contain a 'null' value in database then an object instance won't be created in the query. Add a required property to create instances with 'null' values for other properties or mark the incoming navigation as required to always create an instance.
2025-12-11 20:38:58.547 +01:00 [WRN] The entity type 'SyncedNode.Location#Location' is an optional dependent using table sharing without any required non shared column that could be used to identify whether the entity exists. If all nullable properties contain a 'null' value in database then an object instance won't be created in the query. Add a required property to create instances with 'null' values for other properties or mark the incoming navigation as required to always create an instance.
2025-12-11 20:38:58.549 +01:00 [WRN] The 'DebugLevel' property 'DebugLevel' on entity type 'Node' is configured with a database-generated default, but has no configured sentinel value. The database-generated default will always be used for inserts when the property has the value 'Production', since this is the CLR default for the 'DebugLevel' type. Consider using a nullable type, using a nullable backing field, or setting the sentinel value for the property to ensure the database default is used when, and only when, appropriate. See https://aka.ms/efcore-docs-default-values for more information.
2025-12-11 20:38:58.549 +01:00 [WRN] The 'Protocol' property 'Protocol' on entity type 'Node' is configured with a database-generated default, but has no configured sentinel value. The database-generated default will always be used for inserts when the property has the value 'Unknown', since this is the CLR default for the 'Protocol' type. Consider using a nullable type, using a nullable backing field, or setting the sentinel value for the property to ensure the database default is used when, and only when, appropriate. See https://aka.ms/efcore-docs-default-values for more information.
2025-12-11 20:39:00.876 +01:00 [INF] myIoTGrid Cloud API started successfully
2025-12-11 20:39:00.877 +01:00 [INF] Swagger UI available at: /swagger
2025-12-11 20:39:00.877 +01:00 [INF] SignalR Hub available at: /hubs/sensors
2025-12-11 20:39:00.885 +01:00 [INF] SeedDataHostedService starting...
2025-12-11 20:39:00.886 +01:00 [INF] Applying database migrations...
2025-12-11 20:39:01.745 +01:00 [INF] Database migrations applied successfully
2025-12-11 20:39:01.748 +01:00 [INF] Starting seed data process...
2025-12-11 20:39:02.070 +01:00 [INF] Default tenant ensured
2025-12-11 20:39:02.452 +01:00 [INF] Default Hub ensured
2025-12-11 20:39:02.584 +01:00 [INF] Default alert types seeded
2025-12-11 20:39:03.023 +01:00 [INF] Default sensors seeded
2025-12-11 20:39:03.023 +01:00 [INF] Seed data process completed
2025-12-11 20:39:03.023 +01:00 [INF] SeedDataHostedService completed successfully
2025-12-11 20:39:03.025 +01:00 [INF] DataRetentionService started. Interval: 24h, Retention: 30 days
2025-12-11 20:39:07.524 +01:00 [INF] GET /swagger/index.html responded 200 in 48.3973 ms
2025-12-11 20:39:07.543 +01:00 [INF] GET /swagger/index.js responded 200 in 2.0556 ms
2025-12-11 20:39:07.555 +01:00 [INF] GET /swagger/index.css responded 304 in 13.6733 ms
2025-12-11 20:39:07.556 +01:00 [INF] GET /swagger/swagger-ui.css responded 304 in 15.1906 ms
2025-12-11 20:39:07.558 +01:00 [INF] GET /swagger/swagger-ui-standalone-preset.js responded 304 in 13.6966 ms
2025-12-11 20:39:07.558 +01:00 [INF] GET /swagger/swagger-ui-bundle.js responded 304 in 7.1896 ms
2025-12-11 20:39:07.629 +01:00 [INF] GET /swagger/favicon-32x32.png responded 304 in 0.1421 ms
2025-12-11 20:39:07.760 +01:00 [INF] GET /swagger/v1/swagger.json responded 200 in 139.8459 ms
2025-12-11 20:44:03.032 +01:00 [INF] Starting data retention cleanup. Removing data older than 2025-11-11 19:44:03Z
2025-12-11 20:44:04.121 +01:00 [INF] Deleted 0 synced readings older than 30 days
2025-12-11 20:44:04.256 +01:00 [INF] Deleted 0 acknowledged alerts older than 30 days
2025-12-11 20:44:04.384 +01:00 [INF] Deleted 0 inactive alerts older than 30 days
2025-12-11 20:44:04.545 +01:00 [INF] Data retention cleanup completed. Total deleted: Readings=0, Alerts=0
